<?xml version="1.0" encoding="UTF-8"?>
<testsuite name="TimeServiceTests" tests="1" skipped="0" failures="0" errors="0" timestamp="2021-04-23T22:57:43" hostname="Macbook-Pro-16-Julian.local" time="0.0">
  <properties/>
  <testcase name="testFixedTimeServiceCanBeCreatedAndRetrieved()" classname="TimeServiceTests" time="0.0"/>
  <system-out><![CDATA[]]></system-out>
  <system-err><![CDATA[]]></system-err>
</testsuite>
