<?xml version="1.0" encoding="UTF-8"?>
<testsuite name="DimmableLightsTests" tests="8" skipped="0" failures="0" errors="0" timestamp="2021-04-23T22:57:43" hostname="Macbook-Pro-16-Julian.local" time="0.007">
  <properties/>
  <testcase name="testTurnOffLightsYieldsZeroPower()" classname="DimmableLightsTests" time="0.001"/>
  <testcase name="testPowerBeyondMaxBrakesIndoorAndOutdoorLights()" classname="DimmableLightsTests" time="0.001"/>
  <testcase name="testPowerCanBeChanged()" classname="DimmableLightsTests" time="0.001"/>
  <testcase name="testPowerIsAllowedInIncrementsOfTenAndRoundedUp()" classname="DimmableLightsTests" time="0.001"/>
  <testcase name="testOutdoorLightsAreNotDimmable()" classname="DimmableLightsTests" time="0.0"/>
  <testcase name="testLightsCanHaveFullPower()" classname="DimmableLightsTests" time="0.0"/>
  <testcase name="testPowerCannotBeChangedForLightsOff()" classname="DimmableLightsTests" time="0.001"/>
  <testcase name="testNewlyCreatedLightIsAtZeroPower()" classname="DimmableLightsTests" time="0.0"/>
  <system-out><![CDATA[]]></system-out>
  <system-err><![CDATA[]]></system-err>
</testsuite>
