<?xml version="1.0" encoding="UTF-8"?>
<testsuite name="LightBulbTests" tests="6" skipped="0" failures="0" errors="0" timestamp="2021-04-23T22:57:43" hostname="Macbook-Pro-16-Julian.local" time="0.004">
  <properties/>
  <testcase name="testLightsAreNotBrokenWhenCreated()" classname="LightBulbTests" time="0.0"/>
  <testcase name="testBrokenLightCannotBeTurnedOn()" classname="LightBulbTests" time="0.0"/>
  <testcase name="testLightCanBeTurnedOff()" classname="LightBulbTests" time="0.001"/>
  <testcase name="testLightsAreOffWhenCreated()" classname="LightBulbTests" time="0.0"/>
  <testcase name="testLightCanBeTurnedOn()" classname="LightBulbTests" time="0.0"/>
  <testcase name="testLightCanBeBroken()" classname="LightBulbTests" time="0.001"/>
  <system-out><![CDATA[]]></system-out>
  <system-err><![CDATA[]]></system-err>
</testsuite>
