<?xml version="1.0" encoding="UTF-8"?>
<testsuite name="HomeTests" tests="1" skipped="0" failures="0" errors="0" timestamp="2021-04-23T22:57:43" hostname="Macbook-Pro-16-Julian.local" time="0.02">
  <properties/>
  <testcase name="testHomeCanBeCreated()" classname="HomeTests" time="0.02"/>
  <system-out><![CDATA[]]></system-out>
  <system-err><![CDATA[]]></system-err>
</testsuite>
