<?xml version="1.0" encoding="UTF-8"?>
<testsuite name="HomeOperationTests" tests="8" skipped="0" failures="0" errors="0" timestamp="2021-04-23T22:57:43" hostname="Macbook-Pro-16-Julian.local" time="0.008">
  <properties/>
  <testcase name="testUserActionsAreClearedTheDayAfter()" classname="HomeOperationTests" time="0.001"/>
  <testcase name="testOneLightIsOffBeforeEight()" classname="HomeOperationTests" time="0.0"/>
  <testcase name="testScheduleIsNormalDayAfterCancel()" classname="HomeOperationTests" time="0.001"/>
  <testcase name="testLightsAreOnAtNoon()" classname="HomeOperationTests" time="0.0"/>
  <testcase name="testLightsAreOffAtEleven()" classname="HomeOperationTests" time="0.0"/>
  <testcase name="testManyLightAreOffBeforeEight()" classname="HomeOperationTests" time="0.0"/>
  <testcase name="testHomeCanHaveLight()" classname="HomeOperationTests" time="0.0"/>
  <testcase name="testUserCanCancelLightsOn()" classname="HomeOperationTests" time="0.0"/>
  <system-out><![CDATA[]]></system-out>
  <system-err><![CDATA[]]></system-err>
</testsuite>
