<?xml version="1.0" encoding="UTF-8"?>
<testsuite name="CustomSchedulerTests" tests="2" skipped="0" failures="0" errors="0" timestamp="2021-04-23T22:57:43" hostname="Macbook-Pro-16-Julian.local" time="0.002">
  <properties/>
  <testcase name="testHomeCanHaveSchedulesForLights()" classname="CustomSchedulerTests" time="0.001"/>
  <testcase name="test()" classname="CustomSchedulerTests" time="0.001"/>
  <system-out><![CDATA[]]></system-out>
  <system-err><![CDATA[]]></system-err>
</testsuite>
